[2026-04-16T14:14:25.946Z] [INFO] [ipc] IPC handlers registered
[2026-04-16T14:14:25.980Z] [INFO] [main] Application initialized
[2026-04-16T14:17:25.579Z] [INFO] [ipc] IPC handlers registered
[2026-04-16T14:17:25.594Z] [INFO] [main] Application initialized
[2026-04-16T14:18:07.974Z] [INFO] [ipc] IPC handlers cleaned up
[2026-04-16T14:27:44.643Z] [INFO] [ipc] IPC handlers registered
[2026-04-16T14:27:44.658Z] [INFO] [main] Application initialized
[2026-04-16T14:31:00.677Z] [INFO] [ipc] IPC handlers registered
[2026-04-16T14:31:00.690Z] [INFO] [main] Application initialized
[2026-04-16T14:31:51.979Z] [INFO] [ipc] IPC handlers cleaned up
[2026-04-16T14:39:00.595Z] [INFO] [ipc] IPC handlers registered
[2026-04-16T14:39:00.611Z] [INFO] [main] Application initialized
[2026-04-16T14:40:05.932Z] [INFO] [ipc] IPC handlers registered
[2026-04-16T14:40:05.946Z] [INFO] [main] Application initialized
[2026-04-16T14:41:08.604Z] [INFO] [ipc] IPC handlers cleaned up
[2026-04-16T14:51:04.781Z] [INFO] [ipc] IPC handlers registered
[2026-04-16T14:51:04.799Z] [INFO] [main] Application initialized
[2026-04-16T14:51:13.324Z] [INFO] [ipc] IPC handlers cleaned up
[2026-04-16T14:51:16.003Z] [INFO] [ipc] IPC handlers registered
[2026-04-16T14:51:16.015Z] [INFO] [main] Application initialized
[2026-04-16T14:53:55.434Z] [INFO] [ipc] IPC handlers registered
[2026-04-16T14:53:55.456Z] [INFO] [main] Application initialized
[2026-04-16T14:54:06.494Z] [INFO] [ipc] IPC handlers cleaned up
[2026-04-16T15:30:16.611Z] [INFO] [ipc] IPC handlers registered
[2026-04-16T15:30:16.630Z] [INFO] [main-v2] Dashboard V2 initialized
[2026-04-16T15:30:41.461Z] [INFO] [ipc] IPC handlers cleaned up
[2026-04-16T15:32:46.041Z] [INFO] [ipc] IPC handlers registered
[2026-04-16T15:32:46.056Z] [INFO] [main-v2] Dashboard V2 initialized
[2026-04-16T15:33:08.515Z] [INFO] [ipc] IPC handlers cleaned up
[2026-04-16T15:46:58.460Z] [INFO] [ipc] IPC handlers registered
[2026-04-16T15:46:58.475Z] [INFO] [main-v2] Dashboard V2 initialized
[2026-04-16T15:47:53.772Z] [INFO] [ipc] IPC handlers cleaned up
[2026-04-16T15:49:28.067Z] [INFO] [ipc] IPC handlers registered
[2026-04-16T15:49:28.087Z] [INFO] [main-v2] Dashboard V2 initialized
[2026-04-16T15:49:33.762Z] [INFO] [ipc] IPC handlers cleaned up
[2026-04-16T15:55:54.247Z] [INFO] [ipc] IPC handlers registered
[2026-04-16T15:55:54.282Z] [INFO] [main-v2] Dashboard V2 initialized
[2026-04-16T15:56:49.953Z] [INFO] [ipc] IPC handlers cleaned up
[2026-04-16T16:00:33.168Z] [INFO] [ipc] IPC handlers registered
[2026-04-16T16:00:33.190Z] [INFO] [main-v2] Dashboard V2 initialized
[2026-04-16T16:05:31.942Z] [INFO] [ipc] IPC handlers registered
[2026-04-16T16:05:31.957Z] [INFO] [main-v2] Dashboard V2 initialized
[2026-04-16T16:08:14.058Z] [INFO] [ipc] IPC handlers registered
[2026-04-16T16:08:14.078Z] [INFO] [main-v2] Dashboard V2 initialized
[2026-04-16T16:14:59.565Z] [INFO] [ipc] IPC handlers registered
[2026-04-16T16:14:59.585Z] [INFO] [main-v2] Dashboard V2 initialized
[2026-04-16T16:17:11.929Z] [INFO] [ipc] IPC handlers cleaned up
[2026-04-16T16:26:26.259Z] [INFO] [ipc] IPC handlers registered
[2026-04-16T16:26:26.284Z] [INFO] [main-v2] Dashboard V2 initialized
[2026-04-16T16:28:34.086Z] [INFO] [ipc] IPC handlers registered
[2026-04-16T16:28:34.107Z] [INFO] [main-v2] Dashboard V2 initialized
[2026-04-16T16:30:29.427Z] [INFO] [ipc] IPC handlers cleaned up
[2026-04-16T16:32:28.064Z] [INFO] [ipc] IPC handlers registered
[2026-04-16T16:32:28.079Z] [INFO] [main-v2] Dashboard V2 initialized
[2026-04-16T16:33:48.925Z] [INFO] [ipc] IPC handlers cleaned up
[2026-04-16T16:49:45.640Z] [INFO] [ipc] IPC handlers registered
[2026-04-16T16:49:45.657Z] [INFO] [main-v2] Dashboard V2 initialized
[2026-04-16T16:50:33.144Z] [ERROR] [ipc] IPC invoke failed on system:optimizeRam | mainWindow is not defined
ReferenceError: mainWindow is not defined
    at C:\Users\gerar\Desktop\proyecto nuevo dashboard\main\ipcHandlers.js:104:9
    at RamOptimizer.optimize (C:\Users\gerar\Desktop\proyecto nuevo dashboard\src\main\integrations\ramOptimizer.js:96:7)
    at C:\Users\gerar\Desktop\proyecto nuevo dashboard\main\ipcHandlers.js:102:33
    at C:\Users\gerar\Desktop\proyecto nuevo dashboard\main\ipcHandlers.js:22:20
    at WebContents.<anonymous> (node:electron/js2c/browser_init:2:87444)
    at WebContents.emit (node:events:524:28)
[2026-04-16T16:50:36.248Z] [ERROR] [ipc] IPC invoke failed on system:optimizeRam | mainWindow is not defined
ReferenceError: mainWindow is not defined
    at C:\Users\gerar\Desktop\proyecto nuevo dashboard\main\ipcHandlers.js:104:9
    at RamOptimizer.optimize (C:\Users\gerar\Desktop\proyecto nuevo dashboard\src\main\integrations\ramOptimizer.js:96:7)
    at C:\Users\gerar\Desktop\proyecto nuevo dashboard\main\ipcHandlers.js:102:33
    at C:\Users\gerar\Desktop\proyecto nuevo dashboard\main\ipcHandlers.js:22:20
    at WebContents.<anonymous> (node:electron/js2c/browser_init:2:87444)
    at WebContents.emit (node:events:524:28)
[2026-04-16T16:50:42.314Z] [ERROR] [ipc] IPC invoke failed on system:optimizeRam | mainWindow is not defined
ReferenceError: mainWindow is not defined
    at C:\Users\gerar\Desktop\proyecto nuevo dashboard\main\ipcHandlers.js:104:9
    at RamOptimizer.optimize (C:\Users\gerar\Desktop\proyecto nuevo dashboard\src\main\integrations\ramOptimizer.js:96:7)
    at C:\Users\gerar\Desktop\proyecto nuevo dashboard\main\ipcHandlers.js:102:33
    at C:\Users\gerar\Desktop\proyecto nuevo dashboard\main\ipcHandlers.js:22:20
    at WebContents.<anonymous> (node:electron/js2c/browser_init:2:87444)
    at WebContents.emit (node:events:524:28)
[2026-04-16T16:50:42.645Z] [ERROR] [ipc] IPC invoke failed on system:optimizeRam | mainWindow is not defined
ReferenceError: mainWindow is not defined
    at C:\Users\gerar\Desktop\proyecto nuevo dashboard\main\ipcHandlers.js:104:9
    at RamOptimizer.optimize (C:\Users\gerar\Desktop\proyecto nuevo dashboard\src\main\integrations\ramOptimizer.js:96:7)
    at C:\Users\gerar\Desktop\proyecto nuevo dashboard\main\ipcHandlers.js:102:33
    at C:\Users\gerar\Desktop\proyecto nuevo dashboard\main\ipcHandlers.js:22:20
    at WebContents.<anonymous> (node:electron/js2c/browser_init:2:87444)
    at WebContents.emit (node:events:524:28)
[2026-04-16T16:50:42.876Z] [ERROR] [ipc] IPC invoke failed on system:optimizeRam | mainWindow is not defined
ReferenceError: mainWindow is not defined
    at C:\Users\gerar\Desktop\proyecto nuevo dashboard\main\ipcHandlers.js:104:9
    at RamOptimizer.optimize (C:\Users\gerar\Desktop\proyecto nuevo dashboard\src\main\integrations\ramOptimizer.js:96:7)
    at C:\Users\gerar\Desktop\proyecto nuevo dashboard\main\ipcHandlers.js:102:33
    at C:\Users\gerar\Desktop\proyecto nuevo dashboard\main\ipcHandlers.js:22:20
    at WebContents.<anonymous> (node:electron/js2c/browser_init:2:87444)
    at WebContents.emit (node:events:524:28)
[2026-04-16T16:51:19.925Z] [INFO] [ipc] IPC handlers registered
[2026-04-16T16:51:19.942Z] [INFO] [main-v2] Dashboard V2 initialized
[2026-04-16T16:52:47.393Z] [INFO] [ipc] IPC handlers cleaned up
[2026-04-16T16:53:39.759Z] [INFO] [ipc] IPC handlers registered
[2026-04-16T16:53:39.794Z] [INFO] [main-v2] Dashboard V2 initialized
[2026-04-16T16:53:57.572Z] [INFO] [ipc] IPC handlers registered
[2026-04-16T16:53:57.589Z] [INFO] [main-v2] Dashboard V2 initialized
[2026-04-16T16:55:09.009Z] [INFO] [ipc] IPC handlers cleaned up
[2026-04-16T17:04:53.668Z] [INFO] [ipc] IPC handlers registered
[2026-04-16T17:04:53.687Z] [INFO] [main-v2] Dashboard V2 initialized
[2026-04-16T17:07:11.303Z] [INFO] [ipc] IPC handlers registered
[2026-04-16T17:07:11.326Z] [INFO] [main-v2] Dashboard V2 initialized
[2026-04-16T17:10:16.955Z] [INFO] [ipc] IPC handlers registered
[2026-04-16T17:10:17.016Z] [INFO] [main-v2] Dashboard V2 initialized
[2026-04-16T17:11:05.306Z] [INFO] [ipc] IPC handlers registered
[2026-04-16T17:11:05.329Z] [INFO] [main-v2] Dashboard V2 initialized
[2026-04-16T17:11:40.752Z] [INFO] [ipc] IPC handlers cleaned up
[2026-04-16T17:11:44.857Z] [INFO] [ipc] IPC handlers registered
[2026-04-16T17:11:44.884Z] [INFO] [main-v2] Dashboard V2 initialized
[2026-04-16T17:12:45.955Z] [INFO] [ipc] IPC handlers registered
[2026-04-16T17:12:45.972Z] [INFO] [main-v2] Dashboard V2 initialized
[2026-04-16T17:15:17.247Z] [INFO] [ipc] IPC handlers registered
[2026-04-16T17:15:17.270Z] [INFO] [main-v2] Dashboard V2 initialized
[2026-04-16T17:15:39.094Z] [INFO] [ipc] IPC handlers cleaned up
[2026-04-16T17:15:43.084Z] [INFO] [ipc] IPC handlers registered
[2026-04-16T17:15:43.102Z] [INFO] [main-v2] Dashboard V2 initialized
[2026-04-16T17:15:55.094Z] [INFO] [ipc] IPC handlers cleaned up
[2026-04-16T17:17:54.519Z] [INFO] [ipc] IPC handlers registered
[2026-04-16T17:17:54.534Z] [INFO] [main-v2] Dashboard V2 initialized
[2026-04-16T17:18:47.410Z] [INFO] [ipc] IPC handlers cleaned up
[2026-04-16T17:18:50.243Z] [INFO] [ipc] IPC handlers registered
[2026-04-16T17:18:50.265Z] [INFO] [main-v2] Dashboard V2 initialized
[2026-04-16T17:19:01.028Z] [INFO] [ipc] IPC handlers cleaned up
[2026-04-16T17:26:55.526Z] [INFO] [ipc] IPC handlers registered
[2026-04-16T17:26:55.551Z] [INFO] [main-v2] Dashboard V2 initialized
[2026-04-16T17:27:15.178Z] [INFO] [ipc] IPC handlers cleaned up
[2026-04-16T17:31:07.958Z] [INFO] [ipc] IPC handlers registered
[2026-04-16T17:31:07.979Z] [INFO] [main-v2] Dashboard V2 initialized
[2026-04-16T17:32:48.153Z] [INFO] [ipc] IPC handlers cleaned up
[2026-04-16T17:33:58.322Z] [INFO] [ipc] IPC handlers registered
[2026-04-16T17:33:58.342Z] [INFO] [main-v2] Dashboard V2 initialized
[2026-04-16T17:34:11.936Z] [INFO] [ipc] IPC handlers cleaned up
[2026-04-16T17:34:26.584Z] [INFO] [ipc] IPC handlers registered
[2026-04-16T17:34:26.636Z] [INFO] [main-v2] Dashboard V2 initialized
[2026-04-16T17:37:33.279Z] [INFO] [ipc] IPC handlers registered
[2026-04-16T17:37:33.295Z] [INFO] [main-v2] Dashboard V2 initialized
[2026-04-16T17:37:59.039Z] [INFO] [ipc] IPC handlers cleaned up
[2026-04-16T17:38:02.418Z] [INFO] [ipc] IPC handlers registered
[2026-04-16T17:38:02.441Z] [INFO] [main-v2] Dashboard V2 initialized
[2026-04-16T17:38:22.132Z] [INFO] [ipc] IPC handlers cleaned up
[2026-04-16T17:41:49.883Z] [INFO] [ipc] IPC handlers registered
[2026-04-16T17:41:49.905Z] [INFO] [main-v2] Dashboard V2 initialized
[2026-04-16T17:43:59.764Z] [INFO] [ipc] IPC handlers registered
[2026-04-16T17:43:59.780Z] [INFO] [main-v2] Dashboard V2 initialized
[2026-04-16T17:44:16.551Z] [INFO] [ipc] IPC handlers cleaned up
[2026-04-16T17:47:17.800Z] [INFO] [ipc] IPC handlers registered
[2026-04-16T17:47:17.814Z] [INFO] [main-v2] Dashboard V2 initialized
[2026-04-17T03:12:01.676Z] [INFO] [ipc] IPC handlers registered
[2026-04-17T03:12:01.697Z] [INFO] [main-v2] Dashboard V2 initialized
[2026-04-17T03:14:46.202Z] [INFO] [ipc] IPC handlers registered
[2026-04-17T03:14:46.232Z] [INFO] [main-v2] Dashboard V2 initialized
[2026-04-17T03:20:37.286Z] [INFO] [ipc] IPC handlers cleaned up
[2026-04-17T03:29:40.135Z] [INFO] [ipc] IPC handlers registered
[2026-04-17T03:29:40.175Z] [INFO] [main-v2] Dashboard V2 initialized
[2026-04-17T03:30:07.114Z] [INFO] [ipc] IPC handlers cleaned up
[2026-04-17T03:31:46.429Z] [INFO] [ipc] IPC handlers registered
[2026-04-17T03:31:46.450Z] [INFO] [main-v2] Dashboard V2 initialized
[2026-04-17T03:37:43.011Z] [INFO] [ipc] IPC handlers cleaned up
[2026-04-17T03:37:48.580Z] [INFO] [ipc] IPC handlers registered
[2026-04-17T03:37:48.603Z] [INFO] [main-v2] Dashboard V2 initialized
[2026-04-17T03:46:07.770Z] [INFO] [ipc] IPC handlers registered
[2026-04-17T03:46:07.793Z] [INFO] [main-v2] Dashboard V2 initialized
[2026-04-17T03:47:20.049Z] [INFO] [ipc] IPC handlers cleaned up
[2026-04-17T03:47:28.211Z] [INFO] [ipc] IPC handlers registered
[2026-04-17T03:47:28.236Z] [INFO] [main-v2] Dashboard V2 initialized
[2026-04-17T03:48:15.736Z] [INFO] [ipc] IPC handlers cleaned up
[2026-04-17T03:56:19.565Z] [INFO] [ipc] IPC handlers registered
[2026-04-17T03:56:19.589Z] [INFO] [main-v2] Dashboard V2 initialized
[2026-04-17T04:00:44.629Z] [INFO] [ipc] IPC handlers registered
[2026-04-17T04:00:44.652Z] [INFO] [main-v2] Dashboard V2 initialized
[2026-04-17T04:04:55.377Z] [INFO] [ipc] IPC handlers registered
[2026-04-17T04:04:55.404Z] [INFO] [main-v2] Dashboard V2 initialized
[2026-04-17T04:05:30.813Z] [INFO] [ipc] IPC handlers cleaned up
[2026-04-17T04:07:43.645Z] [INFO] [ipc] IPC handlers registered
[2026-04-17T04:07:43.680Z] [INFO] [main-v2] Dashboard V2 initialized
[2026-04-17T04:08:25.921Z] [INFO] [ipc] IPC handlers cleaned up
[2026-04-17T08:00:10.183Z] [INFO] [ipc] IPC handlers registered
[2026-04-17T08:00:10.204Z] [INFO] [main-v2] Dashboard V2 initialized
[2026-04-17T08:00:44.470Z] [INFO] [ipc] IPC handlers cleaned up
[2026-04-17T08:01:34.274Z] [INFO] [ipc] IPC handlers registered
[2026-04-17T08:01:34.295Z] [INFO] [main-v2] Dashboard V2 initialized
[2026-04-17T08:05:27.934Z] [INFO] [ipc] IPC handlers cleaned up
[2026-04-17T08:10:28.689Z] [INFO] [ipc] IPC handlers registered
[2026-04-17T08:10:28.714Z] [INFO] [main-v2] Dashboard V2 initialized
[2026-04-17T08:13:36.267Z] [INFO] [ipc] IPC handlers registered
[2026-04-17T08:13:36.285Z] [INFO] [main-v2] Dashboard V2 initialized
[2026-04-17T08:13:51.515Z] [INFO] [ipc] IPC handlers cleaned up
[2026-04-17T08:19:55.150Z] [INFO] [ipc] IPC handlers registered
[2026-04-17T08:19:55.172Z] [INFO] [main-v2] Dashboard V2 initialized
[2026-04-17T08:20:34.257Z] [INFO] [ipc] IPC handlers cleaned up
[2026-04-17T08:30:42.482Z] [INFO] [ipc] IPC handlers registered
[2026-04-17T08:30:42.502Z] [INFO] [main-v2] Dashboard V2 initialized
[2026-04-17T08:31:00.205Z] [INFO] [ipc] IPC handlers cleaned up
[2026-04-17T08:37:53.208Z] [INFO] [ipc] IPC handlers registered
[2026-04-17T08:37:53.225Z] [INFO] [main-v2] Dashboard V2 initialized
[2026-04-17T08:38:20.936Z] [INFO] [ipc] IPC handlers cleaned up
